[   0.0000Intilingcgro sbsys cse
[  0.0000] italizg groususy cpu
[  0.00] Iniaizincgoup ubyscpuacc
   00000] nux rson 4.4-16-geer (buil@lw01-md4-21) ccersi 5.0 2609 (Unt5.4.6untu1~1049) )14-Ubuu SMMoFeb  2:23: UC 20 (untu.40-11.10-eneric4..9)
[   00000]omand ne BOOIMGE=/bo/vlinu4..0-1-gneric oo=LBE=cloudmgrotfs  csolety conlettyS
[   0.000] KNE supord cp:[   0.000]  ntl GeinInte
[   00000]  AMDAutheicMD
  0.0000   Ctar CeauHas[   .00000x8/f: tatefft[2] 5, xstesize2] 256
  0.0000] 86/f: uppoti XSA feaur0x: 'x fatinpot rests'
  .0000]86/fpuSuppti XSA fture 02:SSE giers'[   .0000]86pu: pprtinXSVE ftue 0x: AVX giers'[   0.000] x/fu: Ebld xstefeates0x7,onext zeis 8 btes,sig 'sndrd' rmt.
  0.0000] 6/fp Ung 'zyFPU ntxt swihe.
[  00000] 820:IO-provid hysil AM m:[   0.0000BI-e82 [em0x00000000-0x00000009ff]sabl
[   0.00] BI-e0: [m 0000000009c00-00000000ffffrerved[   0.00] BI-e0: [m x00000000f00-000000000ffff rserv
   0.000] BIS-20: em0x00000001000x000000feff] sabl
[   00000] OSe820 [m x000003fff000x000003ffff] AC dta
  0.0000BIOS-e0:[memx00000fe0000x00000fe00ff] eserve
[  0.000 BIO-e0:[memx00000fe00000x000000ee0fffreerved    0000] OS820:me0x0000fffc00x00000ffffffreseed
[  0.00000]NXExcu Dableprecti: ctiv
[   00000] BIS 2. pset.
  0.0000 Hpervordect: KV
[  0.00] e8: as_p =x3ff m_arcpf= 0x400000
  0.0000MTRRDibled[   0.00]] x6/T: MRsisabd,kippg ATinitliatn o.
[  000000]PUMTRRs l lank vrtuaze sysm.
[   0.0000] x8PA: Coigrati [-7]:B WT  - C  W W  UCUC 
[  00000] oundMPMP-tleat [m x000ff0x00fff] mpe at ff800009f0
[  0.00000] aning 1 ea forowmemoy rrupon
[  0.0000RAISK:me0x36400-0x0ffff][   0.000] AI:Earltale cckum vifcati dsabled
[    0.000] AI:RSDPx0000000E00000024 02VBX 
    00000]CP: XS 0000000FFF00 0003(v VBO  BOXSDT000001SL000061
[  0.0000AC: FA 0000003F00F00F4 (4 OX  BOACP 00001 AS  00061)[   .0000] AI:DSDTx000003FF047001FF 02VBX   OXIOS 00002 IN 2100528
[   00000] AC: ACS 0x000003F00 0040
[   00000]CP: FA 0000000FFF00 0040[   0.00] AC: IC 0000003F040 005 (v0VBX   VBXAPI000000AS  0061)   0.000] AC: SDT 000000FFA0 01C (v0VBX   OXUT 00002 IL 01008)
[  00000 NNUMAonguraonound
[   0.0000]Faki anodet mem 000000000000x000003fefff
    .000] NOE_TA(0 aocted emx3ff000x3fff]
[  00000 k-clo: ing rs4b564d a 4b5d0
[  0.0000kvclock:pu0, mr 3ffe30, rima cu cloc
[   00000 k-clock ungscheofet o361976 cles
[  00000] lockure: k-cck: sk0xffffffffff mx_cyle 01cd44dfb, x_dle_: 81599183 n
[   00000] neange
    0000] DM    me 0x0000000100-0x00000000ff]
[   00000]  A3    em0x000000000-0x00003ffeff
[  00000  orma  pty
[   0000] Devie empt
   00000] vablzo stat foeachod
[  0.0000 Elymemo nde rge
[  00000  ode 0:mem x0000000000-00000000eff]
  0.0000  node 0 [me0x00000010000x00000003feff
  .0000]nitm sup ne [mem0x0000000100-0000000fefff][    00000] PI PM-me IO rt 0x48
[  .0000 IOAC[]: apiid, veio32, drs 0xc0000,SI0-23[   .0000]CP INTRCVR (bu0 us_i 0glob_i 2 d d)
[  00000] PI INTRCOVR bu0 bu_iq  gob_iq 9 owevl)[   0.000]Usg CPI AD) foSM conguatioinormaio
[  0.0000smbootAlowin2 PUs, htpluCPs   0.000] PM: giterenoave emy: [m 000000x000ff
[   .0000]M:Reisted saveemy: [m 0009f0-00009ff
[   0000] M: Risred sae mery[mem0x000000x00eff
[    0000] P Risted saveemy: [m 000f00-0000fff
[  000000]82: [m 04000000xfefff] aille f P deves
[  0.00000]oong pavrtuaze kerl  KVM[   0.000] cckourc rfinejifiesmak: 0ffffffaxcyes0xffff, maide_ns76519621568 
    0.00] sep_ercp N_CPU51 nr_umk_bi:52 nrpuids:nrnodeds1
[  00000] ERCP Ebedd 3 pag/cu @ff8003f00 s994 192 15 u1057
[  0.0000PVspinckash blentrs:256 orr: 040 byt)[   .00000Bult 1onlistinode de, moliy roinon. ot pag: 7913
[   0000] licyon DMA
   0000] Kne comndline: OTIMAG=/oo/vlinu4..0-1-gneri rt=ABEL=cudmg-rtf ro nse=tt csolety
[  000000] PD ha tble tres: 96(ode:  327 bes)   0.0000 Memry 97212/1810K ailble 53 kerl de, 09rwda, 92K oda,1508int, 16Kbss,0908 rerd, 0cmreserv)
[  0000] UB: aln=64Orr=0- MObjes=, CPs= Nod=1
[  0.0000Keel/Ur ge tleisolio enabl
    00000] Hrahical U mpmeatio
   0000] 	Bud-me ausent  lf fauto 64
[  0.000] 	U estrtig CP from N_CS=12 tnrcpu_s=.
[  000000RC: Adstnggeomryor r_fout_af4, ncpids=
[   00000] _IQS334 _irq:4 1
[  00000] onso: olou V+ 0x25[   .0000]onle [ty1]nabl
   0000] cso [tt0]nabl
   0.000000] tsc: Detected 2592.000 MHz processor
[   36.757713] Calibrating delay loop (skipped) preset value.. 5184.00 BogoMIPS (lpj=10368000)
[   37.028091] pid_max: default: 32768 minimum: 301
[   37.169621] ACPI: Core revision 20150930
[   37.272844] ACPI: 2 ACPI AML tables successfully acquired and loaded
[   37.467838] Security Framework initialized
[   37.599786] Yama: becoming mindful.
[   37.701057] AppArmor: AppArmor initialized
[   37.836036] Dentry cache hash table entries: 131072 (order: 8, 1048576 bytes)
[   38.069447] Inode-cache hash table entries: 65536 (order: 7, 524288 bytes)
[   38.275826] Mount-cache hash table entries: 2048 (order: 2, 16384 bytes)
[   38.479185] Mountpoint-cache hash table entries: 2048 (order: 2, 16384 bytes)
[   38.705993] Initializing cgroup subsys io
[   38.830092] Initializing cgroup subsys memory
[   38.965928] Initializing cgroup subsys devices
[   39.103801] Initializing cgroup subsys freezer
[   39.232142] Initializing cgroup subsys net_cls
[   39.362006] Initializing cgroup subsys perf_event
[   39.505419] Initializing cgroup subsys net_prio
[   39.647295] Initializing cgroup subsys hugetlb
[   39.791716] Initializing cgroup subsys pids
[   39.920149] CPU: Physical Processor ID: 0
[   40.043800] CPU: Processor Core ID: 0
[   40.167140] FEATURE SPEC_CTRL Not Present
[   40.281451] mce: CPU supports 0 MCE banks
[   40.413427] Last level iTLB entries: 4KB 64, 2MB 8, 4MB 8
[   40.594344] Last level dTLB entries: 4KB 64, 2MB 0, 4MB 0, 1GB 4
[   40.786842] Spectre V2 mitigation: Mitigation: Full generic retpoline
[   40.971931] Spectre V2 mitigation: Speculation control IBPB not-supported IBRS not-supported
[   41.247845] Freeing SMP alternatives memory: 32K
[   41.318279] ftrace: allocating 32186 entries in 126 pages
[   41.555423] smpboot: APIC(0) Converting physical 0 to logical package 0
[   41.764245] smpboot: Max logical packages: 1
[   41.902895] x2apic enabled
[   41.992999] Switched APIC routing to physical x2apic.
[   42.145762] ..TIMER: vector=0x30 apic1=0 pin1=2 apic2=-1 pin2=-1
[   42.435744] smpboot: CPU0: Intel(R) Core(TM) i7-6700HQ CPU @ 2.60GHz (family: 0x6, model: 0x5e, stepping: 0x3)
[   42.764359] Performance Events: unsupported p6 CPU model 94 no PMU driver, software events only.
[   43.057994] KVM setup paravirtual spinlock
[   43.188807] x86: Booting SMP configuration:
[   43.322487] .... node  #0, CPUs:      #1
[   43.432101] kvm-clock: cpu 1, msr 0:3ffe3041, secondary cpu clock
[   43.436294] mce: CPU supports 0 MCE banks
[   43.490100] x86: Booted up 1 node, 2 CPUs
[   43.616994] smpboot: Total of 2 processors activated (10368.00 BogoMIPS)
[   43.833610] devtmpfs: initialized
[   43.936463] evm: security.selinux
[   44.041392] evm: security.SMACK64
[   44.142673] evm: security.SMACK64EXEC
[   44.227752] evm: security.SMACK64TRANSMUTE
[   44.356320] evm: security.SMACK64MMAP
[   44.473044] evm: security.ima
[   44.539213] evm: security.capability
[   44.642778] clocksource: jiffies: mask: 0xffffffff max_cycles: 0xffffffff, max_idle_ns: 7645041785100000 ns
[   44.939360] futex hash table entries: 512 (order: 3, 32768 bytes)
[   45.120220] pinctrl core: initialized pinctrl subsystem
[   45.293171] RTC time:  2:37:48, date: 05/20/18
[   45.439045] NET: Registered protocol family 16
[   45.564907] cpuidle: using governor ladder
[   45.693237] cpuidle: using governor menu
[   45.825412] PCCT header not found.
[   45.942089] ACPI: bus type PCI registered
[   46.068453] acpiphp: ACPI Hot Plug PCI Controller Driver version: 0.5
[   46.261648] PCI: Using configuration type 1 for base access
[   46.442259] ACPI: Added _OSI(Module Device)
[   46.566714] ACPI: Added _OSI(Processor Device)
[   46.705142] ACPI: Added _OSI(3.0 _SCP Extensions)
[   46.820395] ACPI: Added _OSI(Processor Aggregator Device)
[   46.987654] ACPI: Executed 1 blocks of module-level executable AML code
[   47.134479] ACPI: Interpreter enabled
[   47.237498] ACPI: (supports S0 S5)
[   47.345393] ACPI: Using IOAPIC for interrupt routing
[   47.520187] PCI: Using host bridge windows from ACPI; if necessary, use "pci=nocrs" and report a bug
[   47.806742] ACPI: PCI Root Bridge [PCI0] (domain 0000 [bus 00-ff])
[   48.001107] acpi PNP0A03:00: _OSC: OS supports [ASPM ClockPM Segments MSI]
[   48.219292] acpi PNP0A03:00: _OSC: not requesting OS control; OS requires [ExtendedConfig ASPM ClockPM MSI]
[   48.521825] acpi PNP0A03:00: fail to add MMCONFIG information, can't access extended PCI configuration space under this bridge.
[   48.833161] PCI host bridge to bus 0000:00
[   48.950788] pci_bus 0000:00: root bus resource [io  0x0000-0x0cf7 window]
[   49.156026] pci_bus 0000:00: root bus resource [io  0x0d00-0xffff window]
[   49.366802] pci_bus 0000:00: root bus resource [mem 0x000a0000-0x000bffff window]
[   49.590151] pci_bus 0000:00: root bus resource [mem 0x40000000-0xfdffffff window]
[   49.839108] pci_bus 0000:00: root bus resource [bus 00-ff]
[   49.999062] pci 0000:00:01.1: legacy IDE quirk: reg 0x10: [io  0x01f0-0x01f7]
[   50.237902] pci 0000:00:01.1: legacy IDE quirk: reg 0x14: [io  0x03f6]
[   50.456345] pci 0000:00:01.1: legacy IDE quirk: reg 0x18: [io  0x0170-0x0177]
[   50.684580] pci 0000:00:01.1: legacy IDE quirk: reg 0x1c: [io  0x0376]
[   50.877788] pci 0000:00:07.0: quirk: [io  0x4000-0x403f] claimed by PIIX4 ACPI
[   51.091616] pci 0000:00:07.0: quirk: [io  0x4100-0x410f] claimed by PIIX4 SMB
[   51.333837] ACPI: PCI Interrupt Link [LNKA] (IRQs 5 9 10 *11)
[   51.495476] ACPI: PCI Interrupt Link [LNKB] (IRQs 5 9 *10 11)
[   51.667589] ACPI: PCI Interrupt Link [LNKC] (IRQs 5 *9 10 11)
[   51.829792] ACPI: PCI Interrupt Link [LNKD] (IRQs 5 9 10 *11)
[   51.965176] ACPI: Enabled 2 GPEs in block 00 to 07
[   52.098845] vgaarb: setting as boot device: PCI:0000:00:02.0
[   52.275876] vgaarb: device added: PCI:0000:00:02.0,decodes=io+mem,owns=io+mem,locks=none
[   52.562663] vgaarb: loaded
[   52.651468] vgaarb: bridge control possible 0000:00:02.0
[   52.826758] SCSI subsystem initialized
[   52.951108] ACPI: bus type USB registered
[   53.044576] usbcore: registered new interface driver usbfs
[   53.225089] usbcore: registered new interface driver hub
[   53.399513] usbcore: registered new device driver usb
[   53.559312] PCI: Using ACPI for IRQ routing
[   53.690496] NetLabel: Initializing
[   53.789016] NetLabel:  domain hash size = 128
[   53.926479] NetLabel:  protocols = UNLABELED CIPSOv4
[   54.088931] NetLabel:  unlabeled traffic allowed by default
[   54.207501] amd_nb: Cannot enumerate AMD northbridges
[   54.386145] clocksource: Switched to clocksource kvm-clock
[   54.579 AArr:ppmoFisyemnaed[ 551977] p:nPCPin
  5.93] p:nPCP fnd dic
[   56.184913] clocksource: acpi_pm: mask: 0xffffff max_cycles: 0xffffff, max_idle_ns: 2085701024 ns
[   56.378763] NET: Registered protocol family 2
[   56.484137] TCP established hash table entries: 8192 (order: 4, 65536 bytes)
[   56.696751] TCP bind hash table entries: 8192 (order: 5, 131072 bytes)
[   56.868538] TCP: Hash tables configured (established 8192 bind 8192)
[   57.006538] UDP hash table entries: 512 (order: 2, 16384 bytes)
[   57.154610] UDP-Lite hash table entries: 512 (order: 2, 16384 bytes)
[   57.292152] NET: Registered protocol family 1
[   57.365922] pci 0000:00:00.0: Limiting direct PCI/PCI transfers
[   57.504210] pci 0000:00:01.0: Activating ISA DMA hang workarounds
[   57.651313] Unpacking initramfs...
[   58.038868] Freeing initrd memory: 15320K
[   58.132560] platform rtc_cmos: registered platform RTC device (no PNP device found)
[   58.333874] Scanning for low memory corruption every 60 seconds
[   58.465374] audit: initializing netlink subsys (disabled)
[   58.591797] audit: type=2000 audit(1526783833.966:1): initialized
[   58.791633] Initialise system trusted keyring
[   58.920801] HugeTLB registered 2 MB page size, pre-allocated 0 pages
[   59.090213] zbud: loaded
[   59.156946] tsc: Refined TSC clocksource calibration: 2592.158 MHz
[   59.318637] clocksource: tsc: mask: 0xffffffffffffffff max_cycles: 0x255d4c1450d, max_idle_ns: 440795294504 ns
[   59.319083] VFS: Disk quotas dquot_6.6.0
[   59.319107] VFS: Dquot-cache hash table entries: 512 (order 0, 4096 bytes)
[   59.319300] squashfs: version 4.0 (2009/01/31) Phillip Lougher
[   59.564777] fuse init (API version 7.23)
[   59.564981] Key type big_key registered
[   59.565011] Allocating IMA MOK and blacklist keyrings.
[   59.565246] Key type asymmetric registered
[   59.565248] Asymmetric key parser 'x509' registered
[   59.565277] Block layer SCSI generic (bsg) driver version 0.4 loaded (major 249)
[   59.565301] io scheduler noop registered
[   59.565303] io scheduler deadline registered (default)
[   59.565327] io scheduler cfq registered
[   59.565463] pci_hotplug: PCI Hot Plug PCI Core version: 0.5
[   59.565470] pciehp: PCI Express Hot Plug Controller Driver version: 0.4
[   59.565578] ACPI: AC Adapter [AC] (on-line)
[   59.565620] input: Power Button as /devices/LNXSYSTM:00/LNXPWRBN:00/input/input0
[   59.565622] ACPI: Power Button [PWRF]
[   59.565679] input: Sleep Button as /devices/LNXSYSTM:00/LNXSLPBN:00/input/input1
[   59.565681] ACPI: Sleep Button [SLPF]
[   59.565790] GHES: HEST is not enabled!
[   59.566454] ACPI: Battery Slot [BAT0] (battery present)
[   59.566487] Serial: 8250/16550 driver, 32 ports, IRQ sharing enabled
[   59.687516] 00:02: ttyS0 at I/O 0x3f8 (irq = 4, base_baud = 115200) is a 16550A
[   59.863000] Linux agpgart interface v0.103
[   59.943841] loop: module loaded
[   59.944357] scsi host0: ata_piix
[   59.944459] scsi host1: ata_piix
[   59.944501] ata1: PATA max UDMA/33 cmd 0x1f0 ctl 0x3f6 bmdma 0xd000 irq 14
[   59.944502] ata2: PATA max UDMA/33 cmd 0x170 ctl 0x376 bmdma 0xd008 irq 15
[   59.944563] libphy: Fixed MDIO Bus: probed
[   59.944566] tun: Universal TUN/TAP device driver, 1.6
[   59.944566] tun: (C) 1999-2004 Max Krasnyansky <maxk@qualcomm.com>
[   59.944849] PPP generic driver version 2.4.2
[   59.944942] ehci_hcd: USB 2.0 'Enhanced' Host Controller (EHCI) Driver
[   59.944945] ehci-pci: EHCI PCI platform driver
[   59.944952] ehci-platform: EHCI generic platform driver
[   59.944959] ohci_hcd: USB 1.1 'Open' Host Controller (OHCI) Driver
[   59.944961] ohci-pci: OHCI PCI platform driver
[   59.944968] ohci-platform: OHCI generic platform driver
[   59.944975] uhci_hcd: USB Universal Host Controller Interface driver
[   59.945016] i8042: PNP: PS/2 Controller [PNP0303:PS2K,PNP0f03:PS2M] at 0x60,0x64 irq 1,12
[   59.945506] serio: i8042 KBD port at 0x60,0x64 irq 1
[   59.945509] serio: i8042 AUX port at 0x60,0x64 irq 12
[   59.945551] mousedev: PS/2 mouse device common for all mice
[   59.945784] rtc_cmos rtc_cmos: rtc core: registered rtc_cmos as rtc0
[   59.945831] rtc_cmos rtc_cmos: alarms up to one day, 114 bytes nvram
[   59.945837] i2c /dev entries driver
[   59.945910] device-mapper: uevent: version 1.0.3
[   59.946005] device-mapper: ioctl: 4.34.0-ioctl (2015-10-28) initialised: dm-devel@redhat.com
[   59.946024] ledtrig-cpu: registered to indicate activity on CPUs
[   59.946532] NET: Registered protocol family 10
[   59.946650] NET: Registered protocol family 17
[   59.946660] Key type dns_resolver registered
[   59.946769] microcode: CPU0 sig=0x506e3, pf=0x2, revision=0x0
[   59.959338] microcode: CPU1 sig=0x506e3, pf=0x2, revision=0x0
[   59.959383] microcode: Microcode Update Driver: v2.01 <tigran@aivazian.fsnet.co.uk>, Peter Oruba
[   59.959554] registered taskstats version 1
[   59.959566] Loading compiled-in X.509 certificates
[   59.960088] Loaded X.509 cert 'Build time autogenerated kernel key: aa84f01984fbd529c105810b59e379d349698248'
[   59.960105] zswap: loaded using pool lzo/zbud
[   59.961405] Key type trusted registered
[   59.963829] Key type encrypted registered
[   59.963833] AppArmor: AppArmor sha1 policy hashing enabled
[   59.963835] ima: No TPM chip found, activating TPM-bypass!
[   59.963865] evm: HMAC attrs: 0x1
[   59.964153]   Magic number: 2:287:612
[   59.964170] tty tty: hash matches
[   59.964241] rtc_cmos rtc_cmos: setting system clock to 2018-05-20 02:38:03 UTC (1526783883)
[   59.964319] BIOS EDD facility v0.16 2004-Jun-25, 0 devices found
[   59.964319] EDD information not available.
[   59.964756] input: AT Translated Set 2 keyboard as /devices/platform/i8042/serio0/input/input2
[   65.957326] Freeing unused kernel memory: 1508K
[   67.064771] Write protecting the kernel read-only data: 14336k
[   67.147920] Freeing unused kernel memory: 1700K
[   67.198735] Freeing unused kernel memory: 104K
Loading, please [   67.223048] random: systemd-udevd: uninitialized urandom read (16 bytes read, 9 bits of entropy available)
wait...
startin[   67.223801] random: udevadm: uninitialized urandom read (16 bytes read, 9 bits of entropy available)
g version 229
[   67.223837] random: udevadm: uninitialized urandom read (16 bytes read, 9 bits of entropy available)
[   67.231916] random: udevadm: uninitialized urandom read (16 bytes read, 9 bits of entropy available)
[   67.231972] random: udevadm: uninitialized urandom read (16 bytes read, 9 bits of entropy available)
[   67.232101] random: udevadm: uninitialized urandom read (16 bytes read, 9 bits of entropy available)
[   67.232187] random: udevadm: uninitialized urandom read (16 bytes read, 9 bits of entropy available)
[   67.232249] random: udevadm: uninitialized urandom read (16 bytes read, 9 bits of entropy available)
[   67.232294] random: udevadm: uninitialized urandom read (16 bytes read, 9 bits of entropy available)
[   67.232334] random: udevadm: uninitialized urandom read (16 bytes read, 9 bits of entropy available)
[   69.724158] e1000: Intel(R) PRO/1000 Network Driver - version 7.3.21-k8-NAPI
[   69.868507] e1000: Copyright (c) 1999-2006 Intel Corporation.
[   69.942245] Fusion MPT base driver 3.04.20
[   70.000767] Copyright (c) 1999-2008 LSI Corporation
[   70.086996] Fusion MPT SPI Host driver 3.04.20
[   70.187440] mptbase: ioc0: Initiating bringup
[   70.252891] AVX2 version of gcm_enc/dec engaged.
[   70.396827] AES CTR mode by8 optimization enabled
[   70.550625] input: ImExPS/2 Generic Explorer Mouse as /devices/platform/i8042/serio1/input/input5
[   70.736095] ioc0: LSI53C1030 A0: Capabilities={Initiator}
[   71.914212] scsi host2: ioc0: LSI53C1030 A0, FwRev=00000000h, Ports=1, MaxQ=256, IRQ=20
[   72.947625] floppy0: no floppy controllers found
[   73.386720] scsi 2:0:0:0: Direct-Access     VBOX     HARDDISK         1.0  PQ: 0 ANSI: 5
[   73.576219] scsi target2:0:0: Beginning Domain Validation
[   73.739022] scsi target2:0:0: Domain Validation skipping write tests
[   73.759635] e1000 0000:00:03.0 eth0: (PCI:33MHz:32-bit) 02:8e:6d:ef:3b:89
[   73.759639] e1000 0000:00:03.0 eth0: Intel(R) PRO/1000 Network Connection
[   74.119054] e1000 0000:00:03.0 enp0s3: renamed from eth0
[   74.503461] scsi target2:0:0: Ending Domain Validation
[   74.659974] scsi target2:0:0: asynchronous
[   74.762522] scsi 2:0:1:0: Direct-Access     VBOX     HARDDISK         1.0  PQ: 0 ANSI: 5
[   75.052854] scsi target2:0:1: Beginning Domain Validation
[   75.239412] scsi target2:0:1: Domain Validation skipping write tests
[   75.471079] scsi target2:0:1: Ending Domain Validation
[   75.583168] scsi target2:0:1: asynchronous
[   75.653397] sd 2:0:0:0: Attached scsi generic sg0 type 0
[   75.827663] sd 2:0:0:0: [sda] 20971520 512-byte logical blocks: (10.7 GB/10.0 GiB)
[   76.089412] sd 2:0:1:0: [sdb] 20480 512-byte logical blocks: (10.5 MB/10.0 MiB)
[   76.089504] sd 2:0:1:0: Attached scsi generic sg1 type 0
[   76.491681] sd 2:0:0:0: [sda] Write Protect is off
[   76.491944] sd 2:0:1:0: [sdb] Write Protect is off
[   76.492202] sd 2:0:1:0: [sdb] Incomplete mode parameter data
[   76.492203] sd 2:0:1:0: [sdb] Assuming drive cache: write through
[   76.657447] sd 2:0:1:0: [sdb] Attached SCSI disk
[   77.191559] sd 2:0:0:0: [sda] Incomplete mode parameter data
[   77.382995] sd 2:0:0:0: [sda] Assuming drive cache: write through
[   77.593699]  sda: sda1
[   77.664932] sd 2:0:0:0: [sda] Attached SCSI disk
Begin: Loading e[   79.097702] md: linear personality registered for llvel -1
ssential drivers[   79.268174] md: multipath personality registered for level -4
 ... [   79.456157] md: raid0 personality registered for level 0
[   79.606470] md: raid1 personality registered for level 1
[   79.838597] raid6: sseex1   gen() 10397 MB/s
[   80.018158] raid6: sse2x1   xor()  7805 MB/s
[   80.222179] raid6: sse2x2   gen() 12402 MB/s
[   80.426257] raid6: sse2x2   xor()  8595 MB/s
[   80.626269] raid6: sse2x4   gen() 11828 MB/s
[   80.794358] raid6: sse2x4   xor()  9381 MB/s
[   80.994410] raid6: avx2x1   gen() 17326 MB/s
[   81.202436] raid6: avx2x2   gen() 21345 MB/s
[   81.402498] raid6: avx2x4   gen() 23819 MB/s
[   81.544730] raid6: using algorithm avx2x4 gen() 23819 MB/s
[   81.725734] raid6: using avx2x2 recovery algorithm
[   81.799772] xor: automatically using best checksumming function:
[   82.026506]    avx       : 14029.000 MB/sec
[   82.155443] async_tx: api initialized (async)
[   82.231399] md: raid6 personality registered for level 6
[   82.398714] md: raid5 personality registered for level 5
[   82.578495] md: raid4 personality registered for level 4
[   82.763019] md: raid10 personality registered for level 10
done.
Begin: Running /scripts/i[   82.964299] Btrfs loaded
nit-premount ... done.
Begin: M[   83.080869] EXT4-fs (sda1): mounted filesystem with ordered data mode. Opts: (null)
ounting root file system ... Begin: Running /scripts/local-top ... done.
Begin: Running /scripts/local-premount ... Scanning for Btrfs filesystems
done.
Warning: fsck not present, so skipping root file system
done.
Begin: Running /scripts/local-bottom ... done.
Begin: Running /scripts/init-bottom ... done.
[   83.742738] systemd[1]: systemd 229 running in system mode. (+PAM +AUDIT +SELINUX +IMA +APPARMOR +SMACK +SYSVINIT +UTMP +LIBCRYPTSETUP +GCRYPT +GNUTLS +ACL +XZ -LZ4 +SECCOMP +BLKID +ELFUTILS +KMOD -IDN)
[   84.290198] systemd[1]: Detected virtualization oracle.
[   84.451014] systemd[1]: Detected architecture x86-64.

Welcome to [1mUbuntu 16.04.4 LTS[0m!

[   84.667992] systemd[1]: Set hostname to <ubuntu-xenial>.
[   84.876448] random: nonblocking pool is initialized
[   85.113578] systemd[1]: Started Forward Password Requests to Wall Directory Watch.
[[0;32m  OK  [0m] Started Forward Password Requests to Wall Directory Watch.
[   85.422374] systemd[1]: Listening on Syslog Socket.
[[0;32m  OK  [0m] Listening on Syslog Socket.
[   85.636946] systemd[1]: Listening on LVM2 metadata daemon socket.
[[0;32m  OK  [0m] Listening on LVM2 metadata daemon socket.
[   85.922658] systemd[1]: Listening on Journal Socket.
[[0;32m  OK  [0m] Listening on Journal Socket.
[   86.170547] systemd[1]: Listening on Journal Audit Socket.
[[0;32m  OK  [0m] Listening on Journal Audit Socket.
[   86.430581] systemd[1]: Set up automount Arbitrary Executable File Formats File System Automount Point.
[[0;32m  OK  [0m] Set up automount Arbitrary Executab...ats File System Automount Point.
[   86.818385] systemd[1]: Listening on udev Kernel Socket.
[[0;32m  OK  [0m] Listening on udev Kernel Socket.
[   87.066933] systemd[1]: Reached target System Time Synchronized.
[[0;32m  OK  [0m] Reached target System Time Synchronized.
[   87.302800] systemd[1]: Created slice User and Session Slice.
[[0;32m  OK  [0m] Created slice  ser and Session Slice.
[   87.431561] systemd[1]: Listening on LVM2 poll daemon socket.
[[0;32m  OK  [0m] Listening on LVM2 poll daemon socket.
[   87.614854] systemd[1]: Created slice System Slice.
[[0;32m  OK  [0m] Created slice System Slice.
[   87.842825] systemd[1]: Starting Create list of required static device nodes for the current kernel...
         Starting Create list of required st... nodes for the current kernel...
[   88.214462] systemd[1]: Starting Remount Root and Kernel File Systems...
[   88.226462] EXT4-fs (sda1): re-mounted. Opts: (null)
         Starting Remount Root and Kernel File Systems...
[   88.666615] systemd[1]: Starting Load Kernel Modules...
[   .721 Ldi iSIrapo css2.-870
         Startin[   89.347533] iscsi: registered transport (tcp)
g Load Kernel Modules...
[   89.523158] iscsi: registered transport (iser)
[   90.550357] systemd[1]: Mounting Huge Pages File System...
         Mounting Huge Pages File System...
[   90.770919] systemd[1]: Mounting POSIX Message Queue File System...
         Mounting POSIX Message Queue File System...
[   91.034302] systemd[1]: Starting Nameserver information manager...
         Starting Nameserver information manager...
[   91.338452] systemd[1]: Reached target User and Group Name Lookups.
[[0;32m  OK  [0m] Reached target User and Group Name Lookups.
[   91.608319] systemd[1]: Listening on Journal Socket (/dev/log).
[[0;32m  OK  [0m] Listening on Journal Socket (/dev/log).
[   91.798459] systemd[1]: Starting Uncomplicated firewall...
         Starting Uncomplicated firewall...
[   92.054662] systemd[1]: Reached target Slices.
[[0;32m  OK  [0m] Reached target Slices.
[   92.250698] systemd[1]: Starting Journal Service...
         Starting Journal Service...
[   92.447192] systemd[1]: Reached target Swap.
[[0;32m  OK  [0m] Reached target Swap.
[   92.663495] systemd[1]: Created slice system-serial\x2dgetty.slice.
[[0;32m  OK  [0m] Created slice system-serial\x2dgetty.slice.
[   92.934193] systemd[1]: Listening on Device-mapper event daemon FIFOs.
[[0;32m  OK  [0m] Listening on Device-mapper event daemon FIFOs.
[   93.262724] systemd[1]: Listening on udev Control Socket.
[[0;32m  OK  [0m] Listening on udev Control Socket.
[   93.534557] systemd[1]: Mounting Debug File System...
         Mounting Debug File System...
[   93.774300] systemd[1]: Starting Monitoring of LVM2 mirrors, snapshots etc. using dmeventd or progress polling...
         Starting Monitoring of LVM2 mirrors... dmeventd or progress polling...
[   94.122641] systemd[1]: Started Trigger resolvconf update for networkd DNS.
[[0;32m  OK  [0m] Started Trigger resolvconf update for networkd DNS.
[   94.462531] systemd[1]: Starting Set console keymap...
         Starting Set console keymap...
[   94.674721] systemd[1]: Reached target Encrypted Volumes.
[[0;32m  OK  [0m] Reached target Encrypted Volumes.
[   94.915470] systemd[1]: Listening on /dev/initctl Compatibility Named Pipe.
[[0;32m  OK  [0m] Listening on /dev/initctl Compatibility Named Pipe.
[   95.247291] systemd[1]: Mounted Debug File System.
[[0;32m  OK  [0m] Mounted Debug File System.
[   95.446742] systemd[1]: Mounted Huge Pages File System.
[[0;32m  OK  [0m] Mounted Huge Pages File System.
[   95.714719] systemd[1]: Mounted POSIX Message Queue File System.
[[0;32m  OK  [0m] Mounted POSIX Message Queue File System.
[   96.003149] systemd[1]: Started Journal Service.
[[0;32m  OK  [0m] Started Journal Service.
[[0;32m  OK  [0m] Started Create list of required sta...ce nodes for the current kernel.
[[0;32m  OK  [0m] Started Remount Root and Kernel File Systems.
[[0;32m  OK  [0m] Started Load Kernel Modules.
[[0;32m  OK  [0m] Started Uncomplicated firewall.
[[0;32m  OK  [0m] Started Set console keymap.
[[0;32m  OK  [0m] Started Nameserver information manager.
[[0;32m  OK  [0m] Started LVM2 metadata daemon.
         Mounting FUSE Control File System...
         Starting Apply Kernel Variables...
         Starting Load/Save Random Seed...
         Starting Initial cloud-init job (pre-networking)...
         Starting udev Coldplug all Devices...
         Starting Create Static Device Nodes in /dev...
         Starting Flush Journal to Persistent Storage...
[[0;32m  OK  [0m] Mounted FUSE Control File System.
[[0;32m  OK  [0m] Started Monitoring of LVM2 mirrors,...ng dmeventd or progress polling.
[[0;32m  OK  [0m] Started Apply Kernel Variables.
[[0;32m  OK  [0m] Started Load/Save Random Seed.
[[0;32m  OK  [0m] Started Create Static Device Nodes in /dev.
[[0;32m  OK  [0m] Started udev Coldplug all Devices.
[   44.243656] cloud-init[455]: Cloud-init v. 18.2 running 'init-local' at Sun, 20 May 2018 02:38:41 +0000. Up 44.00 seconds.
[[0;32m  OK  [0m] Started Initial cloud-init job (pre-networking).
[[0;32m  OK  [0m] Reached target Network (Pre).
         Starting udev Kernel Device Manager...
[[0;32m  OK  [0m] Started udev Kernel Device Manager.
[[0;32m  OK  [0m] Started Flush Journal to Persistent Storage.
[[0;32m  OK  [0m] Found device /dev/ttyS0.
[[0;32m  OK  [0m] Reached target Local File Systems (Pre).
[[0;32m  OK  [0m] Reached target Local File Systems.
         Starting LSB: AppArmor initialization...
         Starting Set console fonn and keymap...
         Starting Tell Plymouth To Write Out Runtime Data...
         Starting Create Volatile Files and Directories...
[[0;32m  OK  [0m] Started Dispatch Password Requests to Console Directory Watch.
[[0;32m  OK  [0m] Started Set console font and keymap.
[[0;32m  OK  [0m] Started Tell Plymouth To Write Out Runtime Data.
[[0;32m  OK  [0m] Started Create Volatile Files and Directories.
[[0;32m  OK  [0m] Listening on Load/Save RF Kill Switch Status /dev/rfkill Watch.
         Starting Update UTMP about System Boot/Shutdown...
[[0;32m  OK  [0m] Created slice system-getty.slice.
[[0;32m  OK  [0m] Started LSB: AppArmor initialization.
[[0;32m  OK  [0m] Started ifup for enp0s3.
         Starting Raise network interfaces...
[[0;32m  OK  [0m] Started Update UTMP about System Boot/Shutdown.
[[0;32m  OK  [0m] Started Raise network interfaces.
[[0;32m  OK  [0m] Reached target Network.
         Starting Initial cloud-init job (metadata service crawler)...
[   48.743456] cloud-init[963]: Cloud-init v. 18.2 running 'init' at Sun, 20 May 2018 02:38:45 +0000. Up 48.46 seconds.
[   48.921008] cloud-init[963]: ci-info: +++++++++++++++++++++++++++++++++++++Net device info++++++++++++++++++++++++++++++++++++++
[   48.921279] cloud-init[963]: ci-info: +--------+------+----------------------------+---------------+-------+-------------------+
[[0;32m  OK  [0m] Started Initial cloud-init job (metadata service crawler).
[   48.921410] cloud-init[963]: ci-info: | Device |  Up  |          Address           |      Mask     | Scope |     Hw-Address    |
[   49.640843] cloud-init[963]: ci-info: +--------+------+----------------------------+---------------+-------+-------------------+
[   49.641139] cloud-init[963]: ci-info: | enp0s3 | True |         10.0.2.15          | 255.255.255.0 |   .   | 02:8e:6d:ef:3b:89 |
[[0;32m  OK  [0m] Reached target System Initialization.
[[   49.641256] cloud-init[963]: ci-info: | enp0s3 | True | fe80::8e:6dff:feef:3b89/64 |       .       |  link | 02:8e:6d:ef:3b:89 |
[   50.321998] cloud-init[963]: ci-info: |   lo   | True |         127.0.0.1          |   255.0.0.0   |   .   |         .         |
[0;32m  OK  [0m] Listening on UUID daemon activation socket.
         Starting Socket activation for snappy daemon.
[   50.322093] cloud-init[963]: [ci-info: |   lo   | True |          ::1/128           |       .       |  host |         .         |[0;32m  OK  [0m
] Listening on D-Bus System Message Bus Socket.
[   50.983690] cloud-init[963]: ci-info: +--------+------+----------------------------+---------------+-------+-------------------+
[   51.548419] cloud-init[963]: ci-info: +++++++++++++++++++++++++++Route IPv4 info++++++++++++++++++++++++++++
[   51.548675] cloud-init[963]: ci-info: +-------+-------------+----------+---------------+-----------+-------+
[[0;32m  OK  [0m] Started Daily apt download activities.
[[   51.548822] cloud-init[963]: ci-info: | Route | Destination | Gateway  |    Genmask    | Interface | Flags |
[   52.149770] cloud-init[963]: ci-info: +-------+-------------+----------+---------------+-----------+-------+
[0;32m  OK  [0m] Started Daily apt upgrade and clean activities.
[   52.149870] cloud-init[963]: ci-info: |   0   |   0.0.0.0   | 10.0.2.2 |    0.0.0.0    |   enp0s3  |   UG  |
[   52.705174] cloud-init[963]: ci-info: |   1   |   10.0.2.0  | 0.0.0.0  | 255.255.255.0 |   enp0s3  |   U   |
[   52.705532] cloud-init[963]: ci-info: +-------+-------------+----------+---------------+-----------+-------+
         Starting LXD - unix socket.
[[0;32m  OK  [0m] Listening on ACPID Listen Socket.
[[0;32m  OK  [0m] Started ACPI Events Check.
[[0;32m  OK  [0m] Reached target Paths.
[[0;32m  OK  [0m] Started Daily Cleanup of Temporary Directories.
[[0;32m  OK  [0m] Reached target Timers.
[[0;32m  OK  [0m] Reached target Network is Online.
         Starting iSCSI initiator daemon (iscsid)...
[[0;32m  OK  [0m] Reached target Cloud-config availability.
[[0;32m  OK  [0m] Listening on Socket activation for snappy daemon.
[[0;32m  OK  [0m] Listening on LXD - unix socket.
[[0;32m  OK  [0m] Reached target Sockets.
[[0;32m  OK  [0m] Reached target Basic System.
[[0;32m  OK  [0m] Started ACPI event daemon.
[[0;32m  OK  [0m] Started Deferred execution scheduler.
[[0;32m  OK  [0m] Started FUSE filesystem for LXC.
         Starting OpenBSD Secure Shell server...
         Starting Virtualbox guest utils...
         Starting /etc/rc.local Compatibility...
         Starting LSB: MD monitoring daemon...
[[0;32m  OK  [0m] Started D-Bus System Message Bus.
         Starting LXD - container startup/shutdown...
         Starting Apply the settings specified in cloud-config...
         Starting Accounts Service...
         Starting Login Service...
         Starting System Logging Service...
[[0;32m  OK  [0m] Started Unattended Upgrades Shutdown.
[[0;32m  OK  [0m] Started Regular background program processing daemon.
[   55.830537] cloud-init[1050]: Cloud-init v. 18.2 running 'modules:config' at Sun, 20 May 2018 02:38:52 +0000. Up 55.71 seconds.
         Starting Snappy daemon...
         Starting LSB: Record successful boot for GRUB...
[[0;32m  OK  [0m] Started OpenBSD Secure Shell server.
[[0;32m  OK  [0m] Started System Logging Service.
[[0;32m  OK  [0m] Started Snappy daemon.
[[0;32m  OK  [0m] Started iSCSI initiator daemon (iscsid).
[[0;32m  OK  [0m] Started /etc/rc.local Compatibility.
[[0;32m  OK  [0m] Started LXD - container startup/shutdown.
[[0;32m  OK  [0m] Started Apply the settings specified in cloud-config.
[[0;32m  OK  [0m] Started LSB: MD monitoring daemon.
[[0;32m  OK  [0m] Started Virtualbox guest utils.
         Starting Authenticate and Authorize Users to Run Privileged Tasks...
         Starting Login to default iSCSI targets...
[[0;32m  OK  [0m] Started LSB: Record successful boot for GRUB.
[[0;32m  OK  [0m] Started Login Service.
[[0;32m  OK  [0m] Started Authenticate and Authorize Users to Run Privileged Tasks.
[[0;32m  OK  [0m] Started Accounts Service.
[[0;32m  OK  [0m] Started Login to default iSCSI targets.
[[0;32m  OK  [0m] Reached target Remote File Systems (Pre).
[[0;32m  OK  [0m] Reached target Remote File Systems.
         Starting LSB: automatic crash report generation...
         Starting LSB: daemon to balance interrupts for SMP systems...
         Starting LSB: Set the CPU Frequency Scaling governor to "ondemand"...
         Starting Permit User Sessions...
[0;32m  OK  [0m] Started Permit User Sessions.
[[0;32m  OK  [0m] Created slice User Slice of vagrant.
         Starting User Manager for UID 1000...
[[0;32m  OK  [0m] Started Session 1 of user vagrant.
         Starting Terminate Plymouth Boot Screen...
         Starting Hold until boot process finishes up...
[[0;32m  OK  [0m] Started User Manager for UID 1000.
[[0;32m  OK  [0m] Started LSB: automatic crash report generation.
[[0;32m  OK  [0m] Started LSB: daemon to balance interrupts for SMP systems.
[[0;32m  OK  [0m] Started LSB: Set the CPU Frequency Scaling governor to "ondemand".
[[0;32m  OK  [0m] Started Terminate Plymouth Boot Screen.
[[0;32m  OK  [0m] Started Hold until boot process finishes up.
[[0;32m  OK  [0m] Started Getty on tty1.
         Starting Set console scheme...
[[0;32m  OK  [0m] Started Serial Getty on ttyS0.
[[0;32m  OK  [0m] Reached target Login Prompts.
[[0;32m  OK  [0m] Reached target Multi-User System.
[[0;32m  OK  [0m] Reached target Graphical Interface.
         Starting Execute cloud user/final scripts...
         Starting Update UTMP about System Runlevel Changes...
[[0;32m  OK  [0m] Started Set console scheme.
[[0;32m  OK  [0m] Started Update UTMP about System Runlevel Changes.
[   60.428299] cloud-init[1213]: Cloud-init v. 18.2 running 'modules:final' at Sun, 20 May 2018 02:38:57 +0000. Up 60.28 seconds.
[   60.596697] cloud-init[1213]: Cloud-init v. 18.2 finished at Sun, 20 May 2018 02:38:57 +0000. Datasource DataSourceNoCloud [seed=/dev/sdb][dsmode=net].  Up 60.40 seconds
[[0;32m  OK  [0m] Started Execute cloud user/final scripts.
[[0;32m  OK  [0m] Reached target Cloud-init target.

Ubuntu 16.04.4 LTS ubuntu-xenial ttyS0

ubuntu-xenial login: 